[1.523s] DEBUG:colcon:Command line arguments: ['/usr/bin/colcon', 'list', '-p', '--base-paths', '/home/casuallyalive/repos/Computer_Vision_Projects']
[1.523s] DEBUG:colcon:Parsed command line arguments: Namespace(log_base=None, log_level=None, verb_name='list', build_base='build', ignore_user_meta=False, metas=['./colcon.meta'], base_paths=['/home/casuallyalive/repos/Computer_Vision_Projects'], packages_ignore=None, packages_ignore_regex=None, paths=None, packages_up_to=None, packages_up_to_regex=None, packages_above=None, packages_above_and_dependencies=None, packages_above_depth=None, packages_select_by_dep=None, packages_skip_by_dep=None, packages_skip_up_to=None, packages_select_build_failed=False, packages_skip_build_finished=False, packages_select_test_failures=False, packages_skip_test_passed=False, packages_select=None, packages_skip=None, packages_select_regex=None, packages_skip_regex=None, packages_start=None, packages_end=None, allow_overriding=[], topological_order=False, names_only=False, paths_only=True, topological_graph=False, topological_graph_dot=False, topological_graph_density=False, topological_graph_legend=False, topological_graph_dot_cluster=False, topological_graph_dot_include_skipped=False, verb_parser=<colcon_defaults.argument_parser.defaults.DefaultArgumentsDecorator object at 0x7fc181fe0190>, verb_extension=<colcon_package_information.verb.list.ListVerb object at 0x7fc181fe3730>, main=<bound method ListVerb.main of <colcon_package_information.verb.list.ListVerb object at 0x7fc181fe3730>>)
[1.597s] Level 1:colcon.colcon_core.package_discovery:discover_packages(colcon_meta) check parameters
[1.597s] Level 1:colcon.colcon_core.package_discovery:discover_packages(recursive) check parameters
[1.597s] Level 1:colcon.colcon_core.package_discovery:discover_packages(ignore) check parameters
[1.597s] Level 1:colcon.colcon_core.package_discovery:discover_packages(path) check parameters
[1.597s] Level 1:colcon.colcon_core.package_discovery:discover_packages(recursive) discover
[1.597s] INFO:colcon.colcon_core.package_discovery:Crawling recursively for packages in '/home/casuallyalive/repos/Computer_Vision_Projects'
[1.597s] Level 1:colcon.colcon_core.package_identification:_identify(/home/casuallyalive/repos/Computer_Vision_Projects) by extensions ['ignore', 'ignore_ament_install']
[1.597s] Level 1:colcon.colcon_core.package_identification:_identify(/home/casuallyalive/repos/Computer_Vision_Projects) by extension 'ignore'
[1.597s] Level 1:colcon.colcon_core.package_identification:_identify(/home/casuallyalive/repos/Computer_Vision_Projects) by extension 'ignore_ament_install'
[1.597s] Level 1:colcon.colcon_core.package_identification:_identify(/home/casuallyalive/repos/Computer_Vision_Projects) by extensions ['colcon_pkg']
[1.597s] Level 1:colcon.colcon_core.package_identification:_identify(/home/casuallyalive/repos/Computer_Vision_Projects) by extension 'colcon_pkg'
[1.597s] Level 1:colcon.colcon_core.package_identification:_identify(/home/casuallyalive/repos/Computer_Vision_Projects) by extensions ['colcon_meta']
[1.598s] Level 1:colcon.colcon_core.package_identification:_identify(/home/casuallyalive/repos/Computer_Vision_Projects) by extension 'colcon_meta'
[1.598s] Level 1:colcon.colcon_core.package_identification:_identify(/home/casuallyalive/repos/Computer_Vision_Projects) by extensions ['ros']
[1.598s] Level 1:colcon.colcon_core.package_identification:_identify(/home/casuallyalive/repos/Computer_Vision_Projects) by extension 'ros'
[1.614s] Level 1:colcon.colcon_core.package_identification:_identify(/home/casuallyalive/repos/Computer_Vision_Projects) by extensions ['cmake', 'python']
[1.614s] Level 1:colcon.colcon_core.package_identification:_identify(/home/casuallyalive/repos/Computer_Vision_Projects) by extension 'cmake'
[1.614s] Level 1:colcon.colcon_core.package_identification:_identify(/home/casuallyalive/repos/Computer_Vision_Projects) by extension 'python'
[1.614s] Level 1:colcon.colcon_core.package_identification:_identify(/home/casuallyalive/repos/Computer_Vision_Projects) by extensions ['python_setup_py']
[1.614s] Level 1:colcon.colcon_core.package_identification:_identify(/home/casuallyalive/repos/Computer_Vision_Projects) by extension 'python_setup_py'
[1.614s] Level 1:colcon.colcon_core.package_identification:_identify(/home/casuallyalive/repos/Computer_Vision_Projects/log) by extensions ['ignore', 'ignore_ament_install']
[1.615s] Level 1:colcon.colcon_core.package_identification:_identify(/home/casuallyalive/repos/Computer_Vision_Projects/log) by extension 'ignore'
[1.615s] Level 1:colcon.colcon_core.package_identification:_identify(/home/casuallyalive/repos/Computer_Vision_Projects/log) ignored
[1.615s] Level 1:colcon.colcon_core.package_identification:_identify(/home/casuallyalive/repos/Computer_Vision_Projects/src) by extensions ['ignore', 'ignore_ament_install']
[1.615s] Level 1:colcon.colcon_core.package_identification:_identify(/home/casuallyalive/repos/Computer_Vision_Projects/src) by extension 'ignore'
[1.615s] Level 1:colcon.colcon_core.package_identification:_identify(/home/casuallyalive/repos/Computer_Vision_Projects/src) by extension 'ignore_ament_install'
[1.615s] Level 1:colcon.colcon_core.package_identification:_identify(/home/casuallyalive/repos/Computer_Vision_Projects/src) by extensions ['colcon_pkg']
[1.615s] Level 1:colcon.colcon_core.package_identification:_identify(/home/casuallyalive/repos/Computer_Vision_Projects/src) by extension 'colcon_pkg'
[1.615s] Level 1:colcon.colcon_core.package_identification:_identify(/home/casuallyalive/repos/Computer_Vision_Projects/src) by extensions ['colcon_meta']
[1.615s] Level 1:colcon.colcon_core.package_identification:_identify(/home/casuallyalive/repos/Computer_Vision_Projects/src) by extension 'colcon_meta'
[1.616s] Level 1:colcon.colcon_core.package_identification:_identify(/home/casuallyalive/repos/Computer_Vision_Projects/src) by extensions ['ros']
[1.616s] Level 1:colcon.colcon_core.package_identification:_identify(/home/casuallyalive/repos/Computer_Vision_Projects/src) by extension 'ros'
[1.616s] Level 1:colcon.colcon_core.package_identification:_identify(/home/casuallyalive/repos/Computer_Vision_Projects/src) by extensions ['cmake', 'python']
[1.616s] Level 1:colcon.colcon_core.package_identification:_identify(/home/casuallyalive/repos/Computer_Vision_Projects/src) by extension 'cmake'
[1.616s] Level 1:colcon.colcon_core.package_identification:_identify(/home/casuallyalive/repos/Computer_Vision_Projects/src) by extension 'python'
[1.616s] Level 1:colcon.colcon_core.package_identification:_identify(/home/casuallyalive/repos/Computer_Vision_Projects/src) by extensions ['python_setup_py']
[1.616s] Level 1:colcon.colcon_core.package_identification:_identify(/home/casuallyalive/repos/Computer_Vision_Projects/src) by extension 'python_setup_py'
[1.616s] Level 1:colcon.colcon_core.package_identification:_identify(/home/casuallyalive/repos/Computer_Vision_Projects/src/proj1_6320) by extensions ['ignore', 'ignore_ament_install']
[1.616s] Level 1:colcon.colcon_core.package_identification:_identify(/home/casuallyalive/repos/Computer_Vision_Projects/src/proj1_6320) by extension 'ignore'
[1.616s] Level 1:colcon.colcon_core.package_identification:_identify(/home/casuallyalive/repos/Computer_Vision_Projects/src/proj1_6320) by extension 'ignore_ament_install'
[1.616s] Level 1:colcon.colcon_core.package_identification:_identify(/home/casuallyalive/repos/Computer_Vision_Projects/src/proj1_6320) by extensions ['colcon_pkg']
[1.616s] Level 1:colcon.colcon_core.package_identification:_identify(/home/casuallyalive/repos/Computer_Vision_Projects/src/proj1_6320) by extension 'colcon_pkg'
[1.617s] Level 1:colcon.colcon_core.package_identification:_identify(/home/casuallyalive/repos/Computer_Vision_Projects/src/proj1_6320) by extensions ['colcon_meta']
[1.617s] Level 1:colcon.colcon_core.package_identification:_identify(/home/casuallyalive/repos/Computer_Vision_Projects/src/proj1_6320) by extension 'colcon_meta'
[1.617s] Level 1:colcon.colcon_core.package_identification:_identify(/home/casuallyalive/repos/Computer_Vision_Projects/src/proj1_6320) by extensions ['ros']
[1.617s] Level 1:colcon.colcon_core.package_identification:_identify(/home/casuallyalive/repos/Computer_Vision_Projects/src/proj1_6320) by extension 'ros'
[1.617s] Level 1:colcon.colcon_core.package_identification:_identify(/home/casuallyalive/repos/Computer_Vision_Projects/src/proj1_6320) by extensions ['cmake', 'python']
[1.617s] Level 1:colcon.colcon_core.package_identification:_identify(/home/casuallyalive/repos/Computer_Vision_Projects/src/proj1_6320) by extension 'cmake'
[1.617s] Level 1:colcon.colcon_core.package_identification:_identify(/home/casuallyalive/repos/Computer_Vision_Projects/src/proj1_6320) by extension 'python'
[1.617s] Level 1:colcon.colcon_core.package_identification:_identify(/home/casuallyalive/repos/Computer_Vision_Projects/src/proj1_6320) by extensions ['python_setup_py']
[1.617s] Level 1:colcon.colcon_core.package_identification:_identify(/home/casuallyalive/repos/Computer_Vision_Projects/src/proj1_6320) by extension 'python_setup_py'
[2.001s] DEBUG:colcon.colcon_core.package_identification:Package '/home/casuallyalive/repos/Computer_Vision_Projects/src/proj1_6320' with type 'python' and name '4676-Fall2019-Proj1'
[2.001s] Level 1:colcon.colcon_core.package_discovery:discover_packages(recursive) using defaults
